[1844:5808:0513/212420.294:INFO:components\enterprise\browser\controller\chrome_browser_cloud_management_controller.cc:202] No machine level policy manager exists.
[1844:5808:0513/212420.759:INFO:CONSOLE:0] "Fetch event handler is recognized as no-op. No-op fetch handler may bring overhead during navigation. Consider removing the handler if possible.", source:  (0)
[1844:5808:0513/212421.253:INFO:CONSOLE:1] "k8s-talaria", source: https://frontend.tikicdn.com/_desktop-next/_next/static/chunks/pages/_app-98306149645d4446.js (1)
[1844:5808:0513/212421.268:INFO:CONSOLE:1] "key AMPLITUDE_USER_PROPS : [object Object]", source: https://frontend.tikicdn.com/_desktop-next/_next/static/chunks/pages/_app-98306149645d4446.js (1)
[1844:5808:0513/212421.304:INFO:CONSOLE:1] "[Amplitude] Invalid apiKey. Please set a valid apiKey with init() before calling setUserProperties()", source: https://cdn.amplitude.com/libs/amplitude-8.18.4-min.gz.js (1)
[1844:5808:0513/212421.384:INFO:CONSOLE:1] "ServiceWorker registration successful with scope:  https://tiki.vn/", source: https://frontend.tikicdn.com/_desktop-next/_next/static/chunks/pages/_app-98306149645d4446.js (1)
[1844:5808:0513/212421.387:INFO:CONSOLE:1] "Process before db is initialized, adding to queue to be processed later.", source: https://frontend.tikicdn.com/_desktop-next/_next/static/chunks/pages/_app-98306149645d4446.js (1)
[1844:5808:0513/212421.388:INFO:CONSOLE:1] "Process before db is initialized, adding to queue to be processed later.", source: https://frontend.tikicdn.com/_desktop-next/_next/static/chunks/pages/_app-98306149645d4446.js (1)
[1844:5808:0513/212421.424:INFO:CONSOLE:1] "Process before db is initialized, adding to queue to be processed later.", source: https://frontend.tikicdn.com/_desktop-next/_next/static/chunks/pages/_app-98306149645d4446.js (1)
[1844:5808:0513/212421.459:INFO:CONSOLE:1] "Process before db is initialized, adding to queue to be processed later.", source: https://frontend.tikicdn.com/_desktop-next/_next/static/chunks/pages/_app-98306149645d4446.js (1)
[1844:5808:0513/212421.568:INFO:CONSOLE:1] "Tracking fp: 288", source: https://frontend.tikicdn.com/_desktop-next/_next/static/chunks/pages/_app-98306149645d4446.js (1)
[1844:5808:0513/212421.569:INFO:CONSOLE:1] "Tracking fcp: 288", source: https://frontend.tikicdn.com/_desktop-next/_next/static/chunks/pages/_app-98306149645d4446.js (1)
[1844:5808:0513/212421.639:INFO:CONSOLE:1] "Process before db is initialized, adding to queue to be processed later.", source: https://frontend.tikicdn.com/_desktop-next/_next/static/chunks/pages/_app-98306149645d4446.js (1)
[1844:5808:0513/212421.693:INFO:CONSOLE:1] "Process before db is initialized, adding to queue to be processed later.", source: https://frontend.tikicdn.com/_desktop-next/_next/static/chunks/pages/_app-98306149645d4446.js (1)
[1844:5808:0513/212421.779:INFO:CONSOLE:1] "key GA4_QUEUE : ", source: https://frontend.tikicdn.com/_desktop-next/_next/static/chunks/pages/_app-98306149645d4446.js (1)
[1844:5808:0513/212421.860:INFO:CONSOLE:1] "Process before db is initialized, adding to queue to be processed later.", source: https://frontend.tikicdn.com/_desktop-next/_next/static/chunks/pages/_app-98306149645d4446.js (1)
[1844:5808:0513/212421.971:INFO:CONSOLE:1] "Process before db is initialized, adding to queue to be processed later.", source: https://frontend.tikicdn.com/_desktop-next/_next/static/chunks/pages/_app-98306149645d4446.js (1)
[1844:5808:0513/212422.189:INFO:CONSOLE:1] "Error: Request failed with status code 401", source: https://frontend.tikicdn.com/_desktop-next/_next/static/chunks/comp.SurveySDK.772305f99dbfee25.js (1)
[1844:5808:0513/212422.193:INFO:CONSOLE:1] "Process before db is initialized, adding to queue to be processed later.", source: https://frontend.tikicdn.com/_desktop-next/_next/static/chunks/pages/_app-98306149645d4446.js (1)
[1844:5808:0513/212422.279:INFO:CONSOLE:1] "Process before db is initialized, adding to queue to be processed later.", source: https://frontend.tikicdn.com/_desktop-next/_next/static/chunks/pages/_app-98306149645d4446.js (1)
[1844:5808:0513/212422.530:INFO:CONSOLE:1] "Error: Request failed with status code 401", source: https://frontend.tikicdn.com/_desktop-next/_next/static/chunks/comp.SurveySDK.772305f99dbfee25.js (1)
[1844:5808:0513/212425.013:INFO:CONSOLE:3] "Hotjar not launching due to suspicious userAgent: Mozilla/5.0 (Windows NT 10.0; Win64; x64) AppleWebKit/537.36 (KHTML, like Gecko) HeadlessChrome/136.0.0.0 Safari/537.36", source: https://static.hotjar.com/c/hotjar-522327.js?sv=6 (3)
[1844:5808:0513/212425.158:INFO:CONSOLE:1] "path: /smart-tivi-lg-4k-55-inch-55uq7550psf-hang-chinh-hang-p263629878.html", source: https://static.amcdn.vn/cpa/amc-core.min.js (1)
[1844:5808:0513/212425.158:INFO:CONSOLE:1] "user path: /smart-tivi-lg-4k-55-inch-55uq7550psf-hang-chinh-hang-p263629878.html", source: https://static.amcdn.vn/cpa/amc-core.min.js (1)
[1844:5808:0513/212425.159:INFO:CONSOLE:1] "check path: false", source: https://static.amcdn.vn/cpa/amc-core.min.js (1)
[1844:5808:0513/212425.285:INFO:CONSOLE:176] "6106618021462017601 get chkid", source: https://static.amcdn.vn/core/persist.js (176)
[1844:5808:0513/212425.353:INFO:CONSOLE:0] "In the future, Permissions Policy feature join-ad-interest-group will not be enabled by default in cross-origin iframes or same-origin iframes nested in cross-origin iframes. Calling joinAdInterestGroup will be rejected with NotAllowedError if it is not explicitly enabled", source: https://asia.creativecdn.com/ig-membership?ntk=91V05v0QdmGCZOYqRw7UGGdJBMOX-UtMaVH1SWcgSDyAgUZ1QeKGiyk3yJIrSAfRay2eyOph7jqYOm1gxGwhenTz3M8p4MGSQ8TCsVn_EzQ (0)
[1844:5808:0513/212425.409:INFO:CONSOLE:0] "In the future, Permissions Policy feature join-ad-interest-group will not be enabled by default in cross-origin iframes or same-origin iframes nested in cross-origin iframes. Calling joinAdInterestGroup will be rejected with NotAllowedError if it is not explicitly enabled", source: https://asia.creativecdn.com/ig-membership?ntk=91V05v0QdmGCZOYqRw7UGGdJBMOX-UtMaVH1SWcgSDyAgUZ1QeKGiyk3yJIrSAfRay2eyOph7jqYOm1gxGwhenTz3M8p4MGSQ8TCsVn_EzQ (0)
[1844:5808:0513/212425.907:INFO:CONSOLE:1] "fbq pageview", source:  (1)
[4848:20740:0513/212425.922:ERROR:gpu\command_buffer\service\gles2_cmd_decoder_passthrough.cc:1092] [GroupMarkerNotSet(crbug.com/242999)!:A0402000C40C0000]Automatic fallback to software WebGL has been deprecated. Please use the --enable-unsafe-swiftshader flag to opt in to lower security guarantees for trusted content.
[1844:5808:0513/212425.930:INFO:CONSOLE:0] "[GroupMarkerNotSet(crbug.com/242999)!:A0402000C40C0000]Automatic fallback to software WebGL has been deprecated. Please use the --enable-unsafe-swiftshader flag to opt in to lower security guarantees for trusted content.", source: https://ep2.adtrafficquality.google/sodar/sodar2/235/runner.html (0)
[1844:5808:0513/212426.170:INFO:CONSOLE:12] "Error while reading nspb data from sharedStorage [object DOMException]", source: https://gum.criteo.com/syncframe?topUrl=tiki.vn&origin=onetag (12)
